<?xml version="1.0" encoding="UTF-8"?>
<!-- Generated by org.testng.reporters.JUnitReportReporter -->
<testsuite hostname="ghadeer" name="com.qa.CRMPageTest.HomePageTest" tests="1" failures="0" timestamp="9 Mar 2019 11:22:23 GMT" time="1.644" errors="0">
  <testcase name="CalendarlinkTest" time="1.644" classname="com.qa.CRMPageTest.HomePageTest"/>
</testsuite>
