<?xml version="1.0" encoding="UTF-8"?>
<!-- Generated by org.testng.reporters.JUnitReportReporter -->
<testsuite hostname="ghadeer" name="com.qa.CRMPageTest.ContactPageTest" tests="1" failures="0" timestamp="13 Mar 2019 11:59:21 GMT" time="20.307" errors="0">
  <testcase name="CreateNewContatTest" time="20.307" classname="com.qa.CRMPageTest.ContactPageTest"/>
</testsuite>
