<?xml version="1.0" encoding="UTF-8"?>
<!-- Generated by org.testng.reporters.JUnitReportReporter -->
<testsuite hostname="ghadeer" name="com.qa.CRMPageTest.LoginPageTest" tests="3" failures="0" timestamp="9 Mar 2019 11:19:05 GMT" time="10.828" errors="0">
  <testcase name="LoginTest" time="10.627" classname="com.qa.CRMPageTest.LoginPageTest"/>
  <testcase name="LoginPageTitleTest" time="0.069" classname="com.qa.CRMPageTest.LoginPageTest"/>
  <testcase name="LoginPageLogoTest" time="0.132" classname="com.qa.CRMPageTest.LoginPageTest"/>
</testsuite>
