<?xml version="1.0" encoding="UTF-8"?>
<!-- Generated by org.testng.reporters.JUnitReportReporter -->
<testsuite hostname="ghadeer" name="com.qa.CRMPageTest.LoginPageTest" tests="3" failures="0" timestamp="11 Mar 2019 11:30:56 GMT" time="16.351" errors="0">
  <testcase name="LoginTest" time="15.942" classname="com.qa.CRMPageTest.LoginPageTest"/>
  <testcase name="LoginPageTitleTest" time="0.041" classname="com.qa.CRMPageTest.LoginPageTest"/>
  <testcase name="LoginPageLogoTest" time="0.368" classname="com.qa.CRMPageTest.LoginPageTest"/>
</testsuite>
